0 info it worked if it ends with ok
1 verbose cli [ 'C:\\Program Files\\nodejs\\node.exe',
1 verbose cli   'C:\\Program Files\\nodejs\\node_modules\\npm\\bin\\npm-cli.js',
1 verbose cli   'install',
1 verbose cli   '-',
1 verbose cli   'g',
1 verbose cli   'less' ]
2 info using npm@3.10.10
3 info using node@v6.10.2
4 silly loadCurrentTree Starting
5 silly install loadCurrentTree
6 silly install readLocalPackageData
7 silly fetchPackageMetaData -
8 silly fetchPackageMetaData g
9 silly fetchPackageMetaData less
10 silly fetchOtherPackageData -
11 silly cache add args [ '-', null ]
12 verbose cache add spec -
13 silly fetchNamedPackageData g
14 silly mapToRegistry name g
15 silly mapToRegistry using default registry
16 silly mapToRegistry registry https://registry.npmjs.org/
17 silly mapToRegistry data Result {
17 silly mapToRegistry   raw: 'g',
17 silly mapToRegistry   scope: null,
17 silly mapToRegistry   escapedName: 'g',
17 silly mapToRegistry   name: 'g',
17 silly mapToRegistry   rawSpec: '',
17 silly mapToRegistry   spec: 'latest',
17 silly mapToRegistry   type: 'tag' }
18 silly mapToRegistry uri https://registry.npmjs.org/g
19 silly fetchNamedPackageData less
20 silly mapToRegistry name less
21 silly mapToRegistry using default registry
22 silly mapToRegistry registry https://registry.npmjs.org/
23 silly mapToRegistry data Result {
23 silly mapToRegistry   raw: 'less',
23 silly mapToRegistry   scope: null,
23 silly mapToRegistry   escapedName: 'less',
23 silly mapToRegistry   name: 'less',
23 silly mapToRegistry   rawSpec: '',
23 silly mapToRegistry   spec: 'latest',
23 silly mapToRegistry   type: 'tag' }
24 silly mapToRegistry uri https://registry.npmjs.org/less
25 silly cache add parsed spec Result {
25 silly cache add   raw: '-',
25 silly cache add   scope: null,
25 silly cache add   escapedName: null,
25 silly cache add   name: null,
25 silly cache add   rawSpec: '-',
25 silly cache add   spec: 'C:\\Users\\Quinn\\Desktop\\Projects\\goal-management-portal\\site\\-',
25 silly cache add   type: 'local' }
26 verbose request uri https://registry.npmjs.org/g
27 verbose request no auth needed
28 info attempt registry request try #1 at 10:47:10 AM
29 verbose request id 00b1dccca8b63417
30 http request GET https://registry.npmjs.org/g
31 error addLocal Could not install C:\Users\Quinn\Desktop\Projects\goal-management-portal\site\-
32 silly fetchPackageMetaData Error: ENOENT: no such file or directory, open 'C:\Users\Quinn\Desktop\Projects\goal-management-portal\site\-'
32 silly fetchPackageMetaData     at Error (native)
32 silly fetchPackageMetaData  error for - { Error: ENOENT: no such file or directory, open 'C:\Users\Quinn\Desktop\Projects\goal-management-portal\site\-'
32 silly fetchPackageMetaData     at Error (native)
32 silly fetchPackageMetaData   errno: -4058,
32 silly fetchPackageMetaData   code: 'ENOENT',
32 silly fetchPackageMetaData   syscall: 'open',
32 silly fetchPackageMetaData   path: 'C:\\Users\\Quinn\\Desktop\\Projects\\goal-management-portal\\site\\-' }
33 verbose request uri https://registry.npmjs.org/less
34 verbose request no auth needed
35 info attempt registry request try #1 at 10:47:10 AM
36 verbose etag W/"5904c250-1fd66"
37 verbose lastModified Sat, 29 Apr 2017 16:41:52 GMT
38 http request GET https://registry.npmjs.org/less
39 http 304 https://registry.npmjs.org/less
40 verbose headers { date: 'Sun, 30 Apr 2017 17:47:08 GMT',
40 verbose headers   via: '1.1 varnish',
40 verbose headers   'cache-control': 'max-age=300',
40 verbose headers   etag: 'W/"5904c250-1fd66"',
40 verbose headers   age: '185',
40 verbose headers   connection: 'keep-alive',
40 verbose headers   'x-served-by': 'cache-lax8626-LAX',
40 verbose headers   'x-cache': 'HIT',
40 verbose headers   'x-cache-hits': '1',
40 verbose headers   'x-timer': 'S1493574429.508596,VS0,VE1',
40 verbose headers   vary: 'Accept-Encoding' }
41 silly get cb [ 304,
41 silly get   { date: 'Sun, 30 Apr 2017 17:47:08 GMT',
41 silly get     via: '1.1 varnish',
41 silly get     'cache-control': 'max-age=300',
41 silly get     etag: 'W/"5904c250-1fd66"',
41 silly get     age: '185',
41 silly get     connection: 'keep-alive',
41 silly get     'x-served-by': 'cache-lax8626-LAX',
41 silly get     'x-cache': 'HIT',
41 silly get     'x-cache-hits': '1',
41 silly get     'x-timer': 'S1493574429.508596,VS0,VE1',
41 silly get     vary: 'Accept-Encoding' } ]
42 verbose etag https://registry.npmjs.org/less from cache
43 verbose get saving less to C:\Users\Quinn\AppData\Roaming\npm-cache\registry.npmjs.org\less\.cache.json
44 verbose correctMkdir C:\Users\Quinn\AppData\Roaming\npm-cache correctMkdir not in flight; initializing
45 http 200 https://registry.npmjs.org/g
46 verbose headers { server: 'nginx/1.10.1',
46 verbose headers   'content-type': 'application/json',
46 verbose headers   'last-modified': 'Sat, 14 May 2016 03:19:21 GMT',
46 verbose headers   etag: 'W/"57369939-205b"',
46 verbose headers   'content-encoding': 'gzip',
46 verbose headers   'cache-control': 'max-age=300',
46 verbose headers   'content-length': '1712',
46 verbose headers   'accept-ranges': 'bytes',
46 verbose headers   date: 'Sun, 30 Apr 2017 17:47:08 GMT',
46 verbose headers   via: '1.1 varnish',
46 verbose headers   age: '0',
46 verbose headers   connection: 'keep-alive',
46 verbose headers   'x-served-by': 'cache-lax8633-LAX',
46 verbose headers   'x-cache': 'MISS',
46 verbose headers   'x-cache-hits': '0',
46 verbose headers   'x-timer': 'S1493574428.476647,VS0,VE161',
46 verbose headers   vary: 'Accept-Encoding' }
47 silly get cb [ 200,
47 silly get   { server: 'nginx/1.10.1',
47 silly get     'content-type': 'application/json',
47 silly get     'last-modified': 'Sat, 14 May 2016 03:19:21 GMT',
47 silly get     etag: 'W/"57369939-205b"',
47 silly get     'content-encoding': 'gzip',
47 silly get     'cache-control': 'max-age=300',
47 silly get     'content-length': '1712',
47 silly get     'accept-ranges': 'bytes',
47 silly get     date: 'Sun, 30 Apr 2017 17:47:08 GMT',
47 silly get     via: '1.1 varnish',
47 silly get     age: '0',
47 silly get     connection: 'keep-alive',
47 silly get     'x-served-by': 'cache-lax8633-LAX',
47 silly get     'x-cache': 'MISS',
47 silly get     'x-cache-hits': '0',
47 silly get     'x-timer': 'S1493574428.476647,VS0,VE161',
47 silly get     vary: 'Accept-Encoding' } ]
48 verbose get saving g to C:\Users\Quinn\AppData\Roaming\npm-cache\registry.npmjs.org\g\.cache.json
49 verbose correctMkdir C:\Users\Quinn\AppData\Roaming\npm-cache correctMkdir not in flight; initializing
50 silly rollbackFailedOptional Starting
51 silly rollbackFailedOptional Finishing
52 silly runTopLevelLifecycles Finishing
53 silly install printInstalled
54 verbose stack Error: ENOENT: no such file or directory, open 'C:\Users\Quinn\Desktop\Projects\goal-management-portal\site\-'
54 verbose stack     at Error (native)
55 verbose cwd C:\Users\Quinn\Desktop\Projects\goal-management-portal\site
56 error Windows_NT 10.0.15063
57 error argv "C:\\Program Files\\nodejs\\node.exe" "C:\\Program Files\\nodejs\\node_modules\\npm\\bin\\npm-cli.js" "install" "-" "g" "less"
58 error node v6.10.2
59 error npm  v3.10.10
60 error path C:\Users\Quinn\Desktop\Projects\goal-management-portal\site\-
61 error code ENOENT
62 error errno -4058
63 error syscall open
64 error enoent ENOENT: no such file or directory, open 'C:\Users\Quinn\Desktop\Projects\goal-management-portal\site\-'
65 error enoent ENOENT: no such file or directory, open 'C:\Users\Quinn\Desktop\Projects\goal-management-portal\site\-'
65 error enoent This is most likely not a problem with npm itself
65 error enoent and is related to npm not being able to find a file.
66 verbose exit [ -4058, true ]
